<?xml version="1.0" encoding="UTF-8"?>
<testsuite name="com.vension.multistatuslayout.ExampleUnitTest" tests="1" skipped="0" failures="0" errors="0" timestamp="2019-01-22T08:03:34" hostname="KevinComputer" time="0.0">
  <properties/>
  <testcase name="addition_isCorrect" classname="com.vension.multistatuslayout.ExampleUnitTest" time="0.0"/>
  <system-out><![CDATA[]]></system-out>
  <system-err><![CDATA[]]></system-err>
</testsuite>
